2019-02-26 06:49:23 +0000  Initial pipeline context: <IDEDistributionProcessingPipelineContext: 0x7fe7aa49a9e0; archive(resolved)='<IDEArchive: 0x7fe7aafd8fb0>', distributionTask(resolved)='2', distributionMethod(resolved)='<IDEDistributionMethodDevelopmentSigned: 0x7fe7ae4bf210>', team(resolved)='<IDEProvisioningBasicTeam 0x7fe7af21a770: teamID: HA5A9VDG82, teamName: Maksims Isaev>'>
	Chain (11, self inclusive):
	<IDEDistributionProcessingPipelineContext: 0x7fe7aa49a9e0; archive = '<IDEArchive: 0x7fe7aafd8fb0>', distributionMethod='<IDEDistributionMethodDevelopmentSigned: 0x7fe7ae4bf210>', team='<IDEProvisioningBasicTeam 0x7fe7af21a770: teamID: HA5A9VDG82, teamName: Maksims Isaev>'>
	<IDEDistributionProcessingPipelineContext: 0x7fe7a97b34b0; archive = '<IDEArchive: 0x7fe7aafd8fb0>', distributionMethod='<IDEDistributionMethodDevelopmentSigned: 0x7fe7ae4bf210>', team='<IDEProvisioningBasicTeam 0x7fe7af21a770: teamID: HA5A9VDG82, teamName: Maksims Isaev>'>
	<IDEDistributionContext: 0x7fe7af03e640; archive = '<IDEArchive: 0x7fe7aafd8fb0>', distributionMethod='<IDEDistributionMethodDevelopmentSigned: 0x7fe7ae4bf210>', team='<IDEProvisioningBasicTeam 0x7fe7af21a770: teamID: HA5A9VDG82, teamName: Maksims Isaev>'>
	<IDEDistributionContext: 0x7fe7af362590; archive = '<IDEArchive: 0x7fe7aafd8fb0>', distributionMethod='<IDEDistributionMethodDevelopmentSigned: 0x7fe7ae4bf210>', team='<IDEProvisioningBasicTeam 0x7fe7af21a770: teamID: HA5A9VDG82, teamName: Maksims Isaev>'>
	<IDEDistributionContext: 0x7fe7af394bc0; archive = '<IDEArchive: 0x7fe7aafd8fb0>', distributionMethod='<IDEDistributionMethodDevelopmentSigned: 0x7fe7ae4bf210>', team='<IDEProvisioningBasicTeam 0x7fe7af21a770: teamID: HA5A9VDG82, teamName: Maksims Isaev>'>
	<IDEDistributionContext: 0x7fe7a97f66f0; archive = '<IDEArchive: 0x7fe7aafd8fb0>', distributionMethod='<IDEDistributionMethodDevelopmentSigned: 0x7fe7ae4bf210>', team='<IDEProvisioningBasicTeam 0x7fe7af21a770: teamID: HA5A9VDG82, teamName: Maksims Isaev>'>
	<IDEDistributionContext: 0x7fe7af0b8430; archive = '<IDEArchive: 0x7fe7aafd8fb0>', distributionMethod='<IDEDistributionMethodDevelopmentSigned: 0x7fe7ae4bf210>', team='<IDEProvisioningBasicTeam 0x7fe7af21a770: teamID: HA5A9VDG82, teamName: Maksims Isaev>'>
	<IDEDistributionContext: 0x7fe7ae504860; archive = '<IDEArchive: 0x7fe7aafd8fb0>', distributionMethod='<IDEDistributionMethodDevelopmentSigned: 0x7fe7ae4bf210>', team='<IDEProvisioningBasicTeam 0x7fe7af21a770: teamID: HA5A9VDG82, teamName: Maksims Isaev>'>
	<IDEDistributionContext: 0x7fe7ae1508b0; archive = '<IDEArchive: 0x7fe7aafd8fb0>', distributionMethod='<IDEDistributionMethodDevelopmentSigned: 0x7fe7ae4bf210>', team='<IDEProvisioningBasicTeam 0x7fe7af21a770: teamID: HA5A9VDG82, teamName: Maksims Isaev>'>
	<IDEDistributionContext: 0x7fe7aa4e2180; archive = '<IDEArchive: 0x7fe7aafd8fb0>', distributionMethod='<IDEDistributionMethodDevelopmentSigned: 0x7fe7ae4bf210>', team='(null)'>
	<IDEDistributionContext: 0x7fe7af057680; archive = '<IDEArchive: 0x7fe7aafd8fb0>', distributionMethod='(null)', team='(null)'>
</IDEDistributionProcessingPipelineContext: 0x7fe7aa49a9e0>
2019-02-26 06:49:23 +0000  Processing step: IDEDistributionCreateDestRootStep
2019-02-26 06:49:23 +0000  Processing step: IDEDistributionCopyItemStep
2019-02-26 06:49:24 +0000  Running /usr/bin/ditto '-V' '/Users/admin/Library/Developer/Xcode/Archives/2019-02-26/WebToApp 26-02-2019, 09.41.xcarchive/Products/Applications/Bankaero.app' '/var/folders/mp/gx458m3x0c5__tsxrgcczs880000gn/T/XcodeDistPipeline.WqC/Root/Payload/Bankaero.app'
2019-02-26 06:49:24 +0000  >>> Copying /Users/admin/Library/Developer/Xcode/Archives/2019-02-26/WebToApp 26-02-2019, 09.41.xcarchive/Products/Applications/Bankaero.app 
2019-02-26 06:49:24 +0000  copying file ./_CodeSignature/CodeResources ... 
2019-02-26 06:49:24 +0000  43982 bytes for ./_CodeSignature/CodeResources
2019-02-26 06:49:24 +0000  copying file ./AppIcon60x60@2x.png ... 
2019-02-26 06:49:24 +0000  6762 bytes for ./AppIcon60x60@2x.png
copying file ./AppIcon76x76@2x~ipad.png ... 
2019-02-26 06:49:24 +0000  9928 bytes for ./AppIcon76x76@2x~ipad.png
copying file ./archived-expanded-entitlements.xcent ... 
2019-02-26 06:49:24 +0000  296 bytes for ./archived-expanded-entitlements.xcent
copying file ./Assets.car ... 
2019-02-26 06:49:24 +0000  194120 bytes for ./Assets.car
copying file ./Bankaero ... 
2019-02-26 06:49:24 +0000  679152 bytes for ./Bankaero
2019-02-26 06:49:24 +0000  copying file ./Base.lproj/LaunchScreen.storyboardc/01J-lp-oVM-view-Ze5-6b-2t3.nib ... 
2019-02-26 06:49:24 +0000  4529 bytes for ./Base.lproj/LaunchScreen.storyboardc/01J-lp-oVM-view-Ze5-6b-2t3.nib
copying file ./Base.lproj/LaunchScreen.storyboardc/Info.plist ... 
2019-02-26 06:49:24 +0000  258 bytes for ./Base.lproj/LaunchScreen.storyboardc/Info.plist
copying file ./Base.lproj/LaunchScreen.storyboardc/UIViewController-01J-lp-oVM.nib ... 
2019-02-26 06:49:24 +0000  832 bytes for ./Base.lproj/LaunchScreen.storyboardc/UIViewController-01J-lp-oVM.nib
2019-02-26 06:49:24 +0000  copying file ./Base.lproj/Main.storyboardc/Info.plist ... 
2019-02-26 06:49:24 +0000  637 bytes for ./Base.lproj/Main.storyboardc/Info.plist
copying file ./Base.lproj/Main.storyboardc/INM-fZ-hP6-view-a52-cV-quz.nib ... 
2019-02-26 06:49:24 +0000  2117 bytes for ./Base.lproj/Main.storyboardc/INM-fZ-hP6-view-a52-cV-quz.nib
copying file ./Base.lproj/Main.storyboardc/kYU-9k-bkS-view-6ps-DS-xVo.nib ... 
2019-02-26 06:49:24 +0000  2928 bytes for ./Base.lproj/Main.storyboardc/kYU-9k-bkS-view-6ps-DS-xVo.nib
copying file ./Base.lproj/Main.storyboardc/LoadingViewController.nib ... 
2019-02-26 06:49:24 +0000  888 bytes for ./Base.lproj/Main.storyboardc/LoadingViewController.nib
copying file ./Base.lproj/Main.storyboardc/MoreViewController.nib ... 
2019-02-26 06:49:24 +0000  838 bytes for ./Base.lproj/Main.storyboardc/MoreViewController.nib
copying file ./Base.lproj/Main.storyboardc/RearTableViewController.nib ... 
2019-02-26 06:49:24 +0000  3796 bytes for ./Base.lproj/Main.storyboardc/RearTableViewController.nib
copying file ./Base.lproj/Main.storyboardc/SWRevealViewController.nib ... 
2019-02-26 06:49:24 +0000  1427 bytes for ./Base.lproj/Main.storyboardc/SWRevealViewController.nib
copying file ./Base.lproj/Main.storyboardc/TabNavigationController.nib ... 
2019-02-26 06:49:24 +0000  2717 bytes for ./Base.lproj/Main.storyboardc/TabNavigationController.nib
copying file ./Base.lproj/Main.storyboardc/UINavigationController-ZIT-MM-YAm.nib ... 
2019-02-26 06:49:24 +0000  4415 bytes for ./Base.lproj/Main.storyboardc/UINavigationController-ZIT-MM-YAm.nib
copying file ./Base.lproj/Main.storyboardc/UITabBarController-8Is-s9-XtQ.nib ... 
2019-02-26 06:49:24 +0000  3259 bytes for ./Base.lproj/Main.storyboardc/UITabBarController-8Is-s9-XtQ.nib
copying file ./Base.lproj/Main.storyboardc/WCQ-IG-SHM-view-exD-Y3-gkb.nib ... 
2019-02-26 06:49:24 +0000  5263 bytes for ./Base.lproj/Main.storyboardc/WCQ-IG-SHM-view-exD-Y3-gkb.nib
copying file ./Base.lproj/Main.storyboardc/WebViewController.nib ... 
2019-02-26 06:49:24 +0000  1666 bytes for ./Base.lproj/Main.storyboardc/WebViewController.nib
2019-02-26 06:49:24 +0000  copying file ./btn_post.png ... 
2019-02-26 06:49:24 +0000  2857 bytes for ./btn_post.png
copying file ./btn_post@2x.png ... 
2019-02-26 06:49:24 +0000  3290 bytes for ./btn_post@2x.png
copying file ./Calendar-32@2x.png ... 
2019-02-26 06:49:24 +0000  766 bytes for ./Calendar-32@2x.png
copying file ./circle.png ... 
2019-02-26 06:49:24 +0000  191 bytes for ./circle.png
copying file ./circle@2x.png ... 
2019-02-26 06:49:24 +0000  356 bytes for ./circle@2x.png
copying file ./circle@3x.png ... 
2019-02-26 06:49:24 +0000  609 bytes for ./circle@3x.png
2019-02-26 06:49:24 +0000  copying file ./Clock-32@2x.png ... 
2019-02-26 06:49:24 +0000  612 bytes for ./Clock-32@2x.png
copying file ./Comments-32@2x.png ... 
2019-02-26 06:49:24 +0000  340 bytes for ./Comments-32@2x.png
copying file ./default_placeholder.png ... 
2019-02-26 06:49:24 +0000  6459 bytes for ./default_placeholder.png
copying file ./Domain-32@2x.png ... 
2019-02-26 06:49:24 +0000  813 bytes for ./Domain-32@2x.png
2019-02-26 06:49:24 +0000  copying file ./embedded.mobileprovision ... 
2019-02-26 06:49:24 +0000  7677 bytes for ./embedded.mobileprovision
2019-02-26 06:49:24 +0000  copying file ./en.lproj/InfoPlist.strings ... 
2019-02-26 06:49:24 +0000  42 bytes for ./en.lproj/InfoPlist.strings
2019-02-26 06:49:24 +0000  copying file ./Facebook-32@2x.png ... 
2019-02-26 06:49:24 +0000  506 bytes for ./Facebook-32@2x.png
2019-02-26 06:49:24 +0000  copying file ./Frameworks/libswiftCore.dylib ... 
2019-02-26 06:49:24 +0000  21079584 bytes for ./Frameworks/libswiftCore.dylib
copying file ./Frameworks/libswiftCoreFoundation.dylib ... 
2019-02-26 06:49:24 +0000  208288 bytes for ./Frameworks/libswiftCoreFoundation.dylib
copying file ./Frameworks/libswiftCoreGraphics.dylib ... 
2019-02-26 06:49:24 +0000  577760 bytes for ./Frameworks/libswiftCoreGraphics.dylib
2019-02-26 06:49:24 +0000  copying file ./Frameworks/libswiftDarwin.dylib ... 
2019-02-26 06:49:24 +0000  303072 bytes for ./Frameworks/libswiftDarwin.dylib
copying file ./Frameworks/libswiftDispatch.dylib ... 
2019-02-26 06:49:24 +0000  1009248 bytes for ./Frameworks/libswiftDispatch.dylib
copying file ./Frameworks/libswiftFoundation.dylib ... 
2019-02-26 06:49:24 +0000  8413280 bytes for ./Frameworks/libswiftFoundation.dylib
copying file ./Frameworks/libswiftObjectiveC.dylib ... 
2019-02-26 06:49:24 +0000  258944 bytes for ./Frameworks/libswiftObjectiveC.dylib
2019-02-26 06:49:24 +0000  copying file ./go_back.png ... 
2019-02-26 06:49:24 +0000  212 bytes for ./go_back.png
2019-02-26 06:49:24 +0000  copying file ./go_back@2x.png ... 
2019-02-26 06:49:24 +0000  263 bytes for ./go_back@2x.png
copying file ./go_forward.png ... 
2019-02-26 06:49:24 +0000  209 bytes for ./go_forward.png
2019-02-26 06:49:24 +0000  copying file ./go_forward@2x.png ... 
2019-02-26 06:49:24 +0000  258 bytes for ./go_forward@2x.png
copying file ./Graduation-Cap-32@2x.png ... 
2019-02-26 06:49:24 +0000  457 bytes for ./Graduation-Cap-32@2x.png
copying file ./Info.plist ... 
2019-02-26 06:49:24 +0000  1708 bytes for ./Info.plist
2019-02-26 06:49:24 +0000  copying file ./Instagram-32@2x.png ... 
2019-02-26 06:49:24 +0000  766 bytes for ./Instagram-32@2x.png
2019-02-26 06:49:24 +0000  copying file ./iRate.bundle/ar.lproj/Localizable.strings ... 
2019-02-26 06:49:24 +0000  650 bytes for ./iRate.bundle/ar.lproj/Localizable.strings
2019-02-26 06:49:24 +0000  copying file ./iRate.bundle/bn.lproj/Localizable.strings ... 
2019-02-26 06:49:24 +0000  986 bytes for ./iRate.bundle/bn.lproj/Localizable.strings
2019-02-26 06:49:24 +0000  copying file ./iRate.bundle/bs.lproj/Localizable.strings ... 
2019-02-26 06:49:24 +0000  464 bytes for ./iRate.bundle/bs.lproj/Localizable.strings
2019-02-26 06:49:24 +0000  copying file ./iRate.bundle/ca.lproj/Localizable.strings ... 
2019-02-26 06:49:24 +0000  872 bytes for ./iRate.bundle/ca.lproj/Localizable.strings
2019-02-26 06:49:24 +0000  copying file ./iRate.bundle/cs.lproj/Localizable.strings ... 
2019-02-26 06:49:24 +0000  476 bytes for ./iRate.bundle/cs.lproj/Localizable.strings
2019-02-26 06:49:24 +0000  copying file ./iRate.bundle/da.lproj/Localizable.strings ... 
2019-02-26 06:49:24 +0000  485 bytes for ./iRate.bundle/da.lproj/Localizable.strings
2019-02-26 06:49:24 +0000  copying file ./iRate.bundle/de-AT.lproj/Localizable.strings ... 
2019-02-26 06:49:24 +0000  464 bytes for ./iRate.bundle/de-AT.lproj/Localizable.strings
2019-02-26 06:49:24 +0000  copying file ./iRate.bundle/de.lproj/Localizable.strings ... 
2019-02-26 06:49:24 +0000  906 bytes for ./iRate.bundle/de.lproj/Localizable.strings
2019-02-26 06:49:24 +0000  copying file ./iRate.bundle/el.lproj/Localizable.strings ... 
2019-02-26 06:49:24 +0000  940 bytes for ./iRate.bundle/el.lproj/Localizable.strings
2019-02-26 06:49:24 +0000  copying file ./iRate.bundle/en.lproj/Localizable.strings ... 
2019-02-26 06:49:24 +0000  888 bytes for ./iRate.bundle/en.lproj/Localizable.strings
2019-02-26 06:49:24 +0000  copying file ./iRate.bundle/es.lproj/Localizable.strings ... 
2019-02-26 06:49:24 +0000  848 bytes for ./iRate.bundle/es.lproj/Localizable.strings
2019-02-26 06:49:24 +0000  copying file ./iRate.bundle/fa.lproj/Localizable.strings ... 
2019-02-26 06:49:24 +0000  777 bytes for ./iRate.bundle/fa.lproj/Localizable.strings
2019-02-26 06:49:24 +0000  copying file ./iRate.bundle/fi.lproj/Localizable.strings ... 
2019-02-26 06:49:24 +0000  810 bytes for ./iRate.bundle/fi.lproj/Localizable.strings
2019-02-26 06:49:24 +0000  copying file ./iRate.bundle/fr.lproj/Localizable.strings ... 
2019-02-26 06:49:24 +0000  501 bytes for ./iRate.bundle/fr.lproj/Localizable.strings
2019-02-26 06:49:24 +0000  copying file ./iRate.bundle/he.lproj/Localizable.strings ... 
2019-02-26 06:49:24 +0000  802 bytes for ./iRate.bundle/he.lproj/Localizable.strings
2019-02-26 06:49:24 +0000  copying file ./iRate.bundle/hi.lproj/Localizable.strings ... 
2019-02-26 06:49:24 +0000  852 bytes for ./iRate.bundle/hi.lproj/Localizable.strings
2019-02-26 06:49:24 +0000  copying file ./iRate.bundle/hr.lproj/Localizable.strings ... 
2019-02-26 06:49:24 +0000  464 bytes for ./iRate.bundle/hr.lproj/Localizable.strings
2019-02-26 06:49:24 +0000  copying file ./iRate.bundle/hu.lproj/Localizable.strings ... 
2019-02-26 06:49:24 +0000  924 bytes for ./iRate.bundle/hu.lproj/Localizable.strings
2019-02-26 06:49:24 +0000  copying file ./iRate.bundle/id.lproj/Localizable.strings ... 
2019-02-26 06:49:24 +0000  902 bytes for ./iRate.bundle/id.lproj/Localizable.strings
2019-02-26 06:49:24 +0000  copying file ./iRate.bundle/it.lproj/Localizable.strings ... 
2019-02-26 06:49:24 +0000  812 bytes for ./iRate.bundle/it.lproj/Localizable.strings
2019-02-26 06:49:24 +0000  copying file ./iRate.bundle/ja.lproj/Localizable.strings ... 
2019-02-26 06:49:24 +0000  628 bytes for ./iRate.bundle/ja.lproj/Localizable.strings
2019-02-26 06:49:24 +0000  copying file ./iRate.bundle/ko.lproj/Localizable.strings ... 
2019-02-26 06:49:24 +0000  664 bytes for ./iRate.bundle/ko.lproj/Localizable.strings
2019-02-26 06:49:24 +0000  copying file ./iRate.bundle/mk.lproj/Localizable.strings ... 
2019-02-26 06:49:24 +0000  940 bytes for ./iRate.bundle/mk.lproj/Localizable.strings
2019-02-26 06:49:24 +0000  copying file ./iRate.bundle/nl.lproj/Localizable.strings ... 
2019-02-26 06:49:24 +0000  475 bytes for ./iRate.bundle/nl.lproj/Localizable.strings
2019-02-26 06:49:24 +0000  copying file ./iRate.bundle/no.lproj/Localizable.strings ... 
2019-02-26 06:49:24 +0000  856 bytes for ./iRate.bundle/no.lproj/Localizable.strings
2019-02-26 06:49:24 +0000  copying file ./iRate.bundle/pa.lproj/Localizable.strings ... 
2019-02-26 06:49:24 +0000  1030 bytes for ./iRate.bundle/pa.lproj/Localizable.strings
2019-02-26 06:49:24 +0000  copying file ./iRate.bundle/pl.lproj/Localizable.strings ... 
2019-02-26 06:49:24 +0000  862 bytes for ./iRate.bundle/pl.lproj/Localizable.strings
2019-02-26 06:49:24 +0000  copying file ./iRate.bundle/pt.lproj/Localizable.strings ... 
2019-02-26 06:49:24 +0000  884 bytes for ./iRate.bundle/pt.lproj/Localizable.strings
2019-02-26 06:49:24 +0000  copying file ./iRate.bundle/ru.lproj/Localizable.strings ... 
2019-02-26 06:49:24 +0000  938 bytes for ./iRate.bundle/ru.lproj/Localizable.strings
2019-02-26 06:49:24 +0000  copying file ./iRate.bundle/sk.lproj/Localizable.strings ... 
2019-02-26 06:49:24 +0000  493 bytes for ./iRate.bundle/sk.lproj/Localizable.strings
2019-02-26 06:49:24 +0000  copying file ./iRate.bundle/sl.lproj/Localizable.strings ... 
2019-02-26 06:49:24 +0000  888 bytes for ./iRate.bundle/sl.lproj/Localizable.strings
2019-02-26 06:49:24 +0000  copying file ./iRate.bundle/sv.lproj/Localizable.strings ... 
2019-02-26 06:49:24 +0000  423 bytes for ./iRate.bundle/sv.lproj/Localizable.strings
2019-02-26 06:49:24 +0000  copying file ./iRate.bundle/th.lproj/Localizable.strings ... 
2019-02-26 06:49:24 +0000  896 bytes for ./iRate.bundle/th.lproj/Localizable.strings
2019-02-26 06:49:24 +0000  copying file ./iRate.bundle/tr.lproj/Localizable.strings ... 
2019-02-26 06:49:24 +0000  928 bytes for ./iRate.bundle/tr.lproj/Localizable.strings
2019-02-26 06:49:24 +0000  copying file ./iRate.bundle/uk.lproj/Localizable.strings ... 
2019-02-26 06:49:24 +0000  960 bytes for ./iRate.bundle/uk.lproj/Localizable.strings
2019-02-26 06:49:24 +0000  copying file ./iRate.bundle/ur-IN.lproj/Localizable.strings ... 
2019-02-26 06:49:24 +0000  842 bytes for ./iRate.bundle/ur-IN.lproj/Localizable.strings
2019-02-26 06:49:24 +0000  copying file ./iRate.bundle/ur-PK.lproj/Localizable.strings ... 
2019-02-26 06:49:24 +0000  842 bytes for ./iRate.bundle/ur-PK.lproj/Localizable.strings
2019-02-26 06:49:24 +0000  copying file ./iRate.bundle/ur.lproj/Localizable.strings ... 
2019-02-26 06:49:24 +0000  842 bytes for ./iRate.bundle/ur.lproj/Localizable.strings
2019-02-26 06:49:24 +0000  copying file ./iRate.bundle/vi.lproj/Localizable.strings ... 
2019-02-26 06:49:24 +0000  553 bytes for ./iRate.bundle/vi.lproj/Localizable.strings
2019-02-26 06:49:24 +0000  copying file ./iRate.bundle/zh-Hans.lproj/Localizable.strings ... 
2019-02-26 06:49:24 +0000  520 bytes for ./iRate.bundle/zh-Hans.lproj/Localizable.strings
2019-02-26 06:49:24 +0000  copying file ./iRate.bundle/zh-Hant.lproj/Localizable.strings ... 
2019-02-26 06:49:24 +0000  510 bytes for ./iRate.bundle/zh-Hant.lproj/Localizable.strings
2019-02-26 06:49:24 +0000  copying file ./iRate.bundle/zh-TW.lproj/Localizable.strings ... 
2019-02-26 06:49:24 +0000  510 bytes for ./iRate.bundle/zh-TW.lproj/Localizable.strings
2019-02-26 06:49:24 +0000  copying file ./Key-32@2x.png ... 
2019-02-26 06:49:24 +0000  1141 bytes for ./Key-32@2x.png
2019-02-26 06:49:24 +0000  copying file ./Local/config.json ... 
2019-02-26 06:49:24 +0000  161 bytes for ./Local/config.json
2019-02-26 06:49:24 +0000  copying file ./Localizable.strings ... 
2019-02-26 06:49:24 +0000  1627 bytes for ./Localizable.strings
copying file ./Location-32@2x.png ... 
2019-02-26 06:49:24 +0000  571 bytes for ./Location-32@2x.png
copying file ./logo.png ... 
2019-02-26 06:49:24 +0000  13792 bytes for ./logo.png
2019-02-26 06:49:24 +0000  copying file ./logo_white.png ... 
2019-02-26 06:49:24 +0000  16982 bytes for ./logo_white.png
2019-02-26 06:49:24 +0000  copying file ./Medal-32@2x.png ... 
2019-02-26 06:49:24 +0000  580 bytes for ./Medal-32@2x.png
2019-02-26 06:49:24 +0000  copying file ./more@2x.png ... 
2019-02-26 06:49:24 +0000  571 bytes for ./more@2x.png
2019-02-26 06:49:24 +0000  copying file ./News-32@2x.png ... 
2019-02-26 06:49:24 +0000  485 bytes for ./News-32@2x.png
copying file ./NoConnectionView.nib ... 
2019-02-26 06:49:24 +0000  4611 bytes for ./NoConnectionView.nib
copying file ./Online-32@2x.png ... 
2019-02-26 06:49:24 +0000  512 bytes for ./Online-32@2x.png
copying file ./Paint-Bucket-32@2x.png ... 
2019-02-26 06:49:24 +0000  1534 bytes for ./Paint-Bucket-32@2x.png
copying file ./PkgInfo ... 
2019-02-26 06:49:24 +0000  8 bytes for ./PkgInfo
copying file ./reveal-icon.png ... 
2019-02-26 06:49:24 +0000  186 bytes for ./reveal-icon.png
copying file ./reveal-icon@2x.png ... 
2019-02-26 06:49:24 +0000  174 bytes for ./reveal-icon@2x.png
copying file ./sad_cloud.png ... 
2019-02-26 06:49:24 +0000  35781 bytes for ./sad_cloud.png
copying file ./sad_cloud@2x.png ... 
2019-02-26 06:49:24 +0000  103264 bytes for ./sad_cloud@2x.png
copying file ./sad_cloud@2x~ipad.png ... 
2019-02-26 06:49:24 +0000  113912 bytes for ./sad_cloud@2x~ipad.png
2019-02-26 06:49:24 +0000  copying file ./sad_cloud~ipad.png ... 
2019-02-26 06:49:24 +0000  57636 bytes for ./sad_cloud~ipad.png
copying file ./Shopping-Bag-32@2x.png ... 
2019-02-26 06:49:24 +0000  467 bytes for ./Shopping-Bag-32@2x.png
copying file ./SoundCloud-32@2x.png ... 
2019-02-26 06:49:24 +0000  730 bytes for ./SoundCloud-32@2x.png
copying file ./square.png ... 
2019-02-26 06:49:24 +0000  150 bytes for ./square.png
copying file ./square@2x.png ... 
2019-02-26 06:49:24 +0000  213 bytes for ./square@2x.png
copying file ./square@3x.png ... 
2019-02-26 06:49:24 +0000  334 bytes for ./square@3x.png
copying file ./Stack-Photos-32@2x.png ... 
2019-02-26 06:49:24 +0000  3209 bytes for ./Stack-Photos-32@2x.png
copying file ./TV-Show-32@2x.png ... 
2019-02-26 06:49:24 +0000  266 bytes for ./TV-Show-32@2x.png
copying file ./Twitter-32@2x.png ... 
2019-02-26 06:49:24 +0000  708 bytes for ./Twitter-32@2x.png
copying file ./wf.png ... 
2019-02-26 06:49:24 +0000  4551 bytes for ./wf.png
copying file ./WordPress-32@2x.png ... 
2019-02-26 06:49:24 +0000  2132 bytes for ./WordPress-32@2x.png
2019-02-26 06:49:24 +0000  /usr/bin/ditto exited with 0
2019-02-26 06:49:24 +0000  Processing step: IDEDistributionEmbedProfileStep
2019-02-26 06:49:24 +0000  Skipping profile for item: <IDEDistributionItem: 0x7fe7af09dff0 'com.apple.dt.runtime.swiftCore' '<DVTFilePath:0x7fe7ae4404b0:'/Users/admin/Library/Developer/Xcode/Archives/2019-02-26/WebToApp 26-02-2019, 09.41.xcarchive/Products/Applications/Bankaero.app/Frameworks/libswiftCore.dylib'>'>
2019-02-26 06:49:24 +0000  Skipping profile for item: <IDEDistributionItem: 0x7fe7af08b470 'com.apple.dt.runtime.swiftCoreFoundation' '<DVTFilePath:0x7fe7ae30a270:'/Users/admin/Library/Developer/Xcode/Archives/2019-02-26/WebToApp 26-02-2019, 09.41.xcarchive/Products/Applications/Bankaero.app/Frameworks/libswiftCoreFoundation.dylib'>'>
2019-02-26 06:49:24 +0000  Skipping profile for item: <IDEDistributionItem: 0x7fe7af1ee8c0 'com.apple.dt.runtime.swiftCoreGraphics' '<DVTFilePath:0x7fe7af1cf500:'/Users/admin/Library/Developer/Xcode/Archives/2019-02-26/WebToApp 26-02-2019, 09.41.xcarchive/Products/Applications/Bankaero.app/Frameworks/libswiftCoreGraphics.dylib'>'>
2019-02-26 06:49:24 +0000  Skipping profile for item: <IDEDistributionItem: 0x7fe7af08d100 'com.apple.dt.runtime.swiftDarwin' '<DVTFilePath:0x7fe7ae1ce5e0:'/Users/admin/Library/Developer/Xcode/Archives/2019-02-26/WebToApp 26-02-2019, 09.41.xcarchive/Products/Applications/Bankaero.app/Frameworks/libswiftDarwin.dylib'>'>
2019-02-26 06:49:24 +0000  Skipping profile for item: <IDEDistributionItem: 0x7fe7ae7cd8b0 'com.apple.dt.runtime.swiftDispatch' '<DVTFilePath:0x7fe7a949a170:'/Users/admin/Library/Developer/Xcode/Archives/2019-02-26/WebToApp 26-02-2019, 09.41.xcarchive/Products/Applications/Bankaero.app/Frameworks/libswiftDispatch.dylib'>'>
2019-02-26 06:49:24 +0000  Skipping profile for item: <IDEDistributionItem: 0x7fe7ae7798d0 'com.apple.dt.runtime.swiftFoundation' '<DVTFilePath:0x7fe7ae30b400:'/Users/admin/Library/Developer/Xcode/Archives/2019-02-26/WebToApp 26-02-2019, 09.41.xcarchive/Products/Applications/Bankaero.app/Frameworks/libswiftFoundation.dylib'>'>
2019-02-26 06:49:24 +0000  Skipping profile for item: <IDEDistributionItem: 0x7fe7af070b80 'com.apple.dt.runtime.swiftObjectiveC' '<DVTFilePath:0x7fe7a94d1e90:'/Users/admin/Library/Developer/Xcode/Archives/2019-02-26/WebToApp 26-02-2019, 09.41.xcarchive/Products/Applications/Bankaero.app/Frameworks/libswiftObjectiveC.dylib'>'>
2019-02-26 06:49:24 +0000  Processing step: IDEDistributionAppThinningPlistStep
2019-02-26 06:49:24 +0000  Skipping step: IDEDistributionAppThinningPlistStep because it said so
2019-02-26 06:49:24 +0000  Processing step: IDEDistributionCompileBitcodeStep
2019-02-26 06:49:24 +0000  Skipping step: IDEDistributionCompileBitcodeStep because it said so
2019-02-26 06:49:24 +0000  Processing step: IDEDistributionCodeSlimmingStep
2019-02-26 06:49:24 +0000  Processing step: IDEDistributionCopyBCSymbolMapsStep
2019-02-26 06:49:24 +0000  Skipping step: IDEDistributionCopyBCSymbolMapsStep because it said so
2019-02-26 06:49:24 +0000  Skipping step: IDEDistributionCopyBCSymbolMapsStep because it said so
2019-02-26 06:49:24 +0000  Skipping step: IDEDistributionCopyBCSymbolMapsStep because it said so
2019-02-26 06:49:24 +0000  Skipping step: IDEDistributionCopyBCSymbolMapsStep because it said so
2019-02-26 06:49:24 +0000  Skipping step: IDEDistributionCopyBCSymbolMapsStep because it said so
2019-02-26 06:49:24 +0000  Skipping step: IDEDistributionCopyBCSymbolMapsStep because it said so
2019-02-26 06:49:24 +0000  Skipping step: IDEDistributionCopyBCSymbolMapsStep because it said so
2019-02-26 06:49:24 +0000  Skipping step: IDEDistributionCopyBCSymbolMapsStep because it said so
2019-02-26 06:49:24 +0000  Processing step: IDEDistributionSymbolsStep
2019-02-26 06:49:24 +0000  Skipping step: IDEDistributionSymbolsStep because it said so
2019-02-26 06:49:24 +0000  Skipping step: IDEDistributionSymbolsStep because it said so
2019-02-26 06:49:24 +0000  Skipping step: IDEDistributionSymbolsStep because it said so
2019-02-26 06:49:24 +0000  Skipping step: IDEDistributionSymbolsStep because it said so
2019-02-26 06:49:24 +0000  Skipping step: IDEDistributionSymbolsStep because it said so
2019-02-26 06:49:24 +0000  Skipping step: IDEDistributionSymbolsStep because it said so
2019-02-26 06:49:24 +0000  Skipping step: IDEDistributionSymbolsStep because it said so
2019-02-26 06:49:24 +0000  Skipping step: IDEDistributionSymbolsStep because it said so
2019-02-26 06:49:24 +0000  Processing step: IDEDistributionAppThinningStep
2019-02-26 06:49:24 +0000  Skipping step: IDEDistributionAppThinningStep because it said so
2019-02-26 06:49:24 +0000  Processing step: IDEDistributionODRStep
2019-02-26 06:49:24 +0000  Processing step: IDEDistributionStripXattrsStep
2019-02-26 06:49:24 +0000  Skipping stripping extended attributes of item: <IDEDistributionItem: 0x7fe7af09dff0 'com.apple.dt.runtime.swiftCore' '<DVTFilePath:0x7fe7ae4404b0:'/Users/admin/Library/Developer/Xcode/Archives/2019-02-26/WebToApp 26-02-2019, 09.41.xcarchive/Products/Applications/Bankaero.app/Frameworks/libswiftCore.dylib'>'>
2019-02-26 06:49:24 +0000  Skipping stripping extended attributes of item: <IDEDistributionItem: 0x7fe7af08b470 'com.apple.dt.runtime.swiftCoreFoundation' '<DVTFilePath:0x7fe7ae30a270:'/Users/admin/Library/Developer/Xcode/Archives/2019-02-26/WebToApp 26-02-2019, 09.41.xcarchive/Products/Applications/Bankaero.app/Frameworks/libswiftCoreFoundation.dylib'>'>
2019-02-26 06:49:24 +0000  Skipping stripping extended attributes of item: <IDEDistributionItem: 0x7fe7af1ee8c0 'com.apple.dt.runtime.swiftCoreGraphics' '<DVTFilePath:0x7fe7af1cf500:'/Users/admin/Library/Developer/Xcode/Archives/2019-02-26/WebToApp 26-02-2019, 09.41.xcarchive/Products/Applications/Bankaero.app/Frameworks/libswiftCoreGraphics.dylib'>'>
2019-02-26 06:49:24 +0000  Skipping stripping extended attributes of item: <IDEDistributionItem: 0x7fe7af08d100 'com.apple.dt.runtime.swiftDarwin' '<DVTFilePath:0x7fe7ae1ce5e0:'/Users/admin/Library/Developer/Xcode/Archives/2019-02-26/WebToApp 26-02-2019, 09.41.xcarchive/Products/Applications/Bankaero.app/Frameworks/libswiftDarwin.dylib'>'>
2019-02-26 06:49:24 +0000  Skipping stripping extended attributes of item: <IDEDistributionItem: 0x7fe7ae7cd8b0 'com.apple.dt.runtime.swiftDispatch' '<DVTFilePath:0x7fe7a949a170:'/Users/admin/Library/Developer/Xcode/Archives/2019-02-26/WebToApp 26-02-2019, 09.41.xcarchive/Products/Applications/Bankaero.app/Frameworks/libswiftDispatch.dylib'>'>
2019-02-26 06:49:24 +0000  Skipping stripping extended attributes of item: <IDEDistributionItem: 0x7fe7ae7798d0 'com.apple.dt.runtime.swiftFoundation' '<DVTFilePath:0x7fe7ae30b400:'/Users/admin/Library/Developer/Xcode/Archives/2019-02-26/WebToApp 26-02-2019, 09.41.xcarchive/Products/Applications/Bankaero.app/Frameworks/libswiftFoundation.dylib'>'>
2019-02-26 06:49:24 +0000  Skipping stripping extended attributes of item: <IDEDistributionItem: 0x7fe7af070b80 'com.apple.dt.runtime.swiftObjectiveC' '<DVTFilePath:0x7fe7a94d1e90:'/Users/admin/Library/Developer/Xcode/Archives/2019-02-26/WebToApp 26-02-2019, 09.41.xcarchive/Products/Applications/Bankaero.app/Frameworks/libswiftObjectiveC.dylib'>'>
2019-02-26 06:49:24 +0000  Running /usr/bin/xattr '-crs' '/var/folders/mp/gx458m3x0c5__tsxrgcczs880000gn/T/XcodeDistPipeline.WqC/Root/Payload/Bankaero.app'
2019-02-26 06:49:26 +0000  /usr/bin/xattr exited with 0
2019-02-26 06:49:26 +0000  Processing step: IDEDistributionCodesignStep
2019-02-26 06:49:26 +0000  Applying entitlements delta for <IDEDistributionItem: 0x7fe7af09dff0 'com.apple.dt.runtime.swiftCore' '<DVTFilePath:0x7fe7ae4404b0:'/Users/admin/Library/Developer/Xcode/Archives/2019-02-26/WebToApp 26-02-2019, 09.41.xcarchive/Products/Applications/Bankaero.app/Frameworks/libswiftCore.dylib'>'> from <IDEiCloudEntitlementsProcessor: 0x7fe7ae0c8aa0>: {
}
2019-02-26 06:49:26 +0000  Entitlements for <IDEDistributionItem: 0x7fe7af09dff0 'com.apple.dt.runtime.swiftCore' '<DVTFilePath:0x7fe7ae4404b0:'/Users/admin/Library/Developer/Xcode/Archives/2019-02-26/WebToApp 26-02-2019, 09.41.xcarchive/Products/Applications/Bankaero.app/Frameworks/libswiftCore.dylib'>'>: {
}
2019-02-26 06:49:26 +0000  Writing entitlements for <IDEDistributionItem: 0x7fe7af09dff0 'com.apple.dt.runtime.swiftCore' '<DVTFilePath:0x7fe7ae4404b0:'/Users/admin/Library/Developer/Xcode/Archives/2019-02-26/WebToApp 26-02-2019, 09.41.xcarchive/Products/Applications/Bankaero.app/Frameworks/libswiftCore.dylib'>'> to: /var/folders/mp/gx458m3x0c5__tsxrgcczs880000gn/T/XcodeDistPipeline.WqC/entitlementsuDpf2o
2019-02-26 06:49:26 +0000  Running /usr/bin/codesign '-vvv' '--force' '--sign' 'E336233A59E4E68FE99976D5A98F82EA2B5DA64E' '--preserve-metadata=identifier,flags' '--entitlements' '/var/folders/mp/gx458m3x0c5__tsxrgcczs880000gn/T/XcodeDistPipeline.WqC/entitlementsuDpf2o' '/var/folders/mp/gx458m3x0c5__tsxrgcczs880000gn/T/XcodeDistPipeline.WqC/Root/Payload/Bankaero.app/Frameworks/libswiftCore.dylib'
2019-02-26 06:49:26 +0000  /var/folders/mp/gx458m3x0c5__tsxrgcczs880000gn/T/XcodeDistPipeline.WqC/Root/Payload/Bankaero.app/Frameworks/libswiftCore.dylib: replacing existing signature
2019-02-26 06:49:26 +0000  /var/folders/mp/gx458m3x0c5__tsxrgcczs880000gn/T/XcodeDistPipeline.WqC/Root/Payload/Bankaero.app/Frameworks/libswiftCore.dylib: signed Mach-O universal (armv7 armv7s arm64) [com.apple.dt.runtime.swiftCore]
2019-02-26 06:49:26 +0000  /usr/bin/codesign exited with 0
2019-02-26 06:49:26 +0000  Applying entitlements delta for <IDEDistributionItem: 0x7fe7af08b470 'com.apple.dt.runtime.swiftCoreFoundation' '<DVTFilePath:0x7fe7ae30a270:'/Users/admin/Library/Developer/Xcode/Archives/2019-02-26/WebToApp 26-02-2019, 09.41.xcarchive/Products/Applications/Bankaero.app/Frameworks/libswiftCoreFoundation.dylib'>'> from <IDEiCloudEntitlementsProcessor: 0x7fe7ae539370>: {
}
2019-02-26 06:49:26 +0000  Entitlements for <IDEDistributionItem: 0x7fe7af08b470 'com.apple.dt.runtime.swiftCoreFoundation' '<DVTFilePath:0x7fe7ae30a270:'/Users/admin/Library/Developer/Xcode/Archives/2019-02-26/WebToApp 26-02-2019, 09.41.xcarchive/Products/Applications/Bankaero.app/Frameworks/libswiftCoreFoundation.dylib'>'>: {
}
2019-02-26 06:49:26 +0000  Writing entitlements for <IDEDistributionItem: 0x7fe7af08b470 'com.apple.dt.runtime.swiftCoreFoundation' '<DVTFilePath:0x7fe7ae30a270:'/Users/admin/Library/Developer/Xcode/Archives/2019-02-26/WebToApp 26-02-2019, 09.41.xcarchive/Products/Applications/Bankaero.app/Frameworks/libswiftCoreFoundation.dylib'>'> to: /var/folders/mp/gx458m3x0c5__tsxrgcczs880000gn/T/XcodeDistPipeline.WqC/entitlementsCCuLtz
2019-02-26 06:49:26 +0000  Running /usr/bin/codesign '-vvv' '--force' '--sign' 'E336233A59E4E68FE99976D5A98F82EA2B5DA64E' '--preserve-metadata=identifier,flags' '--entitlements' '/var/folders/mp/gx458m3x0c5__tsxrgcczs880000gn/T/XcodeDistPipeline.WqC/entitlementsCCuLtz' '/var/folders/mp/gx458m3x0c5__tsxrgcczs880000gn/T/XcodeDistPipeline.WqC/Root/Payload/Bankaero.app/Frameworks/libswiftCoreFoundation.dylib'
2019-02-26 06:49:26 +0000  /var/folders/mp/gx458m3x0c5__tsxrgcczs880000gn/T/XcodeDistPipeline.WqC/Root/Payload/Bankaero.app/Frameworks/libswiftCoreFoundation.dylib: replacing existing signature
2019-02-26 06:49:26 +0000  /var/folders/mp/gx458m3x0c5__tsxrgcczs880000gn/T/XcodeDistPipeline.WqC/Root/Payload/Bankaero.app/Frameworks/libswiftCoreFoundation.dylib: signed Mach-O universal (armv7 armv7s arm64) [com.apple.dt.runtime.swiftCoreFoundation]
2019-02-26 06:49:26 +0000  /usr/bin/codesign exited with 0
2019-02-26 06:49:26 +0000  Applying entitlements delta for <IDEDistributionItem: 0x7fe7af1ee8c0 'com.apple.dt.runtime.swiftCoreGraphics' '<DVTFilePath:0x7fe7af1cf500:'/Users/admin/Library/Developer/Xcode/Archives/2019-02-26/WebToApp 26-02-2019, 09.41.xcarchive/Products/Applications/Bankaero.app/Frameworks/libswiftCoreGraphics.dylib'>'> from <IDEiCloudEntitlementsProcessor: 0x7fe7ae4839b0>: {
}
2019-02-26 06:49:26 +0000  Entitlements for <IDEDistributionItem: 0x7fe7af1ee8c0 'com.apple.dt.runtime.swiftCoreGraphics' '<DVTFilePath:0x7fe7af1cf500:'/Users/admin/Library/Developer/Xcode/Archives/2019-02-26/WebToApp 26-02-2019, 09.41.xcarchive/Products/Applications/Bankaero.app/Frameworks/libswiftCoreGraphics.dylib'>'>: {
}
2019-02-26 06:49:26 +0000  Writing entitlements for <IDEDistributionItem: 0x7fe7af1ee8c0 'com.apple.dt.runtime.swiftCoreGraphics' '<DVTFilePath:0x7fe7af1cf500:'/Users/admin/Library/Developer/Xcode/Archives/2019-02-26/WebToApp 26-02-2019, 09.41.xcarchive/Products/Applications/Bankaero.app/Frameworks/libswiftCoreGraphics.dylib'>'> to: /var/folders/mp/gx458m3x0c5__tsxrgcczs880000gn/T/XcodeDistPipeline.WqC/entitlementsLzoCde
2019-02-26 06:49:26 +0000  Running /usr/bin/codesign '-vvv' '--force' '--sign' 'E336233A59E4E68FE99976D5A98F82EA2B5DA64E' '--preserve-metadata=identifier,flags' '--entitlements' '/var/folders/mp/gx458m3x0c5__tsxrgcczs880000gn/T/XcodeDistPipeline.WqC/entitlementsLzoCde' '/var/folders/mp/gx458m3x0c5__tsxrgcczs880000gn/T/XcodeDistPipeline.WqC/Root/Payload/Bankaero.app/Frameworks/libswiftCoreGraphics.dylib'
2019-02-26 06:49:27 +0000  /var/folders/mp/gx458m3x0c5__tsxrgcczs880000gn/T/XcodeDistPipeline.WqC/Root/Payload/Bankaero.app/Frameworks/libswiftCoreGraphics.dylib: replacing existing signature
2019-02-26 06:49:27 +0000  /var/folders/mp/gx458m3x0c5__tsxrgcczs880000gn/T/XcodeDistPipeline.WqC/Root/Payload/Bankaero.app/Frameworks/libswiftCoreGraphics.dylib: signed Mach-O universal (armv7 armv7s arm64) [com.apple.dt.runtime.swiftCoreGraphics]
2019-02-26 06:49:27 +0000  /usr/bin/codesign exited with 0
2019-02-26 06:49:27 +0000  Applying entitlements delta for <IDEDistributionItem: 0x7fe7af08d100 'com.apple.dt.runtime.swiftDarwin' '<DVTFilePath:0x7fe7ae1ce5e0:'/Users/admin/Library/Developer/Xcode/Archives/2019-02-26/WebToApp 26-02-2019, 09.41.xcarchive/Products/Applications/Bankaero.app/Frameworks/libswiftDarwin.dylib'>'> from <IDEiCloudEntitlementsProcessor: 0x7fe7af0a2c00>: {
}
2019-02-26 06:49:27 +0000  Entitlements for <IDEDistributionItem: 0x7fe7af08d100 'com.apple.dt.runtime.swiftDarwin' '<DVTFilePath:0x7fe7ae1ce5e0:'/Users/admin/Library/Developer/Xcode/Archives/2019-02-26/WebToApp 26-02-2019, 09.41.xcarchive/Products/Applications/Bankaero.app/Frameworks/libswiftDarwin.dylib'>'>: {
}
2019-02-26 06:49:27 +0000  Writing entitlements for <IDEDistributionItem: 0x7fe7af08d100 'com.apple.dt.runtime.swiftDarwin' '<DVTFilePath:0x7fe7ae1ce5e0:'/Users/admin/Library/Developer/Xcode/Archives/2019-02-26/WebToApp 26-02-2019, 09.41.xcarchive/Products/Applications/Bankaero.app/Frameworks/libswiftDarwin.dylib'>'> to: /var/folders/mp/gx458m3x0c5__tsxrgcczs880000gn/T/XcodeDistPipeline.WqC/entitlementsWtkRhE
2019-02-26 06:49:27 +0000  Running /usr/bin/codesign '-vvv' '--force' '--sign' 'E336233A59E4E68FE99976D5A98F82EA2B5DA64E' '--preserve-metadata=identifier,flags' '--entitlements' '/var/folders/mp/gx458m3x0c5__tsxrgcczs880000gn/T/XcodeDistPipeline.WqC/entitlementsWtkRhE' '/var/folders/mp/gx458m3x0c5__tsxrgcczs880000gn/T/XcodeDistPipeline.WqC/Root/Payload/Bankaero.app/Frameworks/libswiftDarwin.dylib'
2019-02-26 06:49:27 +0000  /var/folders/mp/gx458m3x0c5__tsxrgcczs880000gn/T/XcodeDistPipeline.WqC/Root/Payload/Bankaero.app/Frameworks/libswiftDarwin.dylib: replacing existing signature
2019-02-26 06:49:27 +0000  /var/folders/mp/gx458m3x0c5__tsxrgcczs880000gn/T/XcodeDistPipeline.WqC/Root/Payload/Bankaero.app/Frameworks/libswiftDarwin.dylib: signed Mach-O universal (armv7 armv7s arm64) [com.apple.dt.runtime.swiftDarwin]
2019-02-26 06:49:27 +0000  /usr/bin/codesign exited with 0
2019-02-26 06:49:27 +0000  Applying entitlements delta for <IDEDistributionItem: 0x7fe7ae7cd8b0 'com.apple.dt.runtime.swiftDispatch' '<DVTFilePath:0x7fe7a949a170:'/Users/admin/Library/Developer/Xcode/Archives/2019-02-26/WebToApp 26-02-2019, 09.41.xcarchive/Products/Applications/Bankaero.app/Frameworks/libswiftDispatch.dylib'>'> from <IDEiCloudEntitlementsProcessor: 0x7fe7af0527f0>: {
}
2019-02-26 06:49:27 +0000  Entitlements for <IDEDistributionItem: 0x7fe7ae7cd8b0 'com.apple.dt.runtime.swiftDispatch' '<DVTFilePath:0x7fe7a949a170:'/Users/admin/Library/Developer/Xcode/Archives/2019-02-26/WebToApp 26-02-2019, 09.41.xcarchive/Products/Applications/Bankaero.app/Frameworks/libswiftDispatch.dylib'>'>: {
}
2019-02-26 06:49:27 +0000  Writing entitlements for <IDEDistributionItem: 0x7fe7ae7cd8b0 'com.apple.dt.runtime.swiftDispatch' '<DVTFilePath:0x7fe7a949a170:'/Users/admin/Library/Developer/Xcode/Archives/2019-02-26/WebToApp 26-02-2019, 09.41.xcarchive/Products/Applications/Bankaero.app/Frameworks/libswiftDispatch.dylib'>'> to: /var/folders/mp/gx458m3x0c5__tsxrgcczs880000gn/T/XcodeDistPipeline.WqC/entitlements5hPsZ3
2019-02-26 06:49:27 +0000  Running /usr/bin/codesign '-vvv' '--force' '--sign' 'E336233A59E4E68FE99976D5A98F82EA2B5DA64E' '--preserve-metadata=identifier,flags' '--entitlements' '/var/folders/mp/gx458m3x0c5__tsxrgcczs880000gn/T/XcodeDistPipeline.WqC/entitlements5hPsZ3' '/var/folders/mp/gx458m3x0c5__tsxrgcczs880000gn/T/XcodeDistPipeline.WqC/Root/Payload/Bankaero.app/Frameworks/libswiftDispatch.dylib'
2019-02-26 06:49:27 +0000  /var/folders/mp/gx458m3x0c5__tsxrgcczs880000gn/T/XcodeDistPipeline.WqC/Root/Payload/Bankaero.app/Frameworks/libswiftDispatch.dylib: replacing existing signature
2019-02-26 06:49:27 +0000  /var/folders/mp/gx458m3x0c5__tsxrgcczs880000gn/T/XcodeDistPipeline.WqC/Root/Payload/Bankaero.app/Frameworks/libswiftDispatch.dylib: signed Mach-O universal (armv7 armv7s arm64) [com.apple.dt.runtime.swiftDispatch]
2019-02-26 06:49:27 +0000  /usr/bin/codesign exited with 0
2019-02-26 06:49:27 +0000  Applying entitlements delta for <IDEDistributionItem: 0x7fe7ae7798d0 'com.apple.dt.runtime.swiftFoundation' '<DVTFilePath:0x7fe7ae30b400:'/Users/admin/Library/Developer/Xcode/Archives/2019-02-26/WebToApp 26-02-2019, 09.41.xcarchive/Products/Applications/Bankaero.app/Frameworks/libswiftFoundation.dylib'>'> from <IDEiCloudEntitlementsProcessor: 0x7fe7a56478d0>: {
}
2019-02-26 06:49:27 +0000  Entitlements for <IDEDistributionItem: 0x7fe7ae7798d0 'com.apple.dt.runtime.swiftFoundation' '<DVTFilePath:0x7fe7ae30b400:'/Users/admin/Library/Developer/Xcode/Archives/2019-02-26/WebToApp 26-02-2019, 09.41.xcarchive/Products/Applications/Bankaero.app/Frameworks/libswiftFoundation.dylib'>'>: {
}
2019-02-26 06:49:27 +0000  Writing entitlements for <IDEDistributionItem: 0x7fe7ae7798d0 'com.apple.dt.runtime.swiftFoundation' '<DVTFilePath:0x7fe7ae30b400:'/Users/admin/Library/Developer/Xcode/Archives/2019-02-26/WebToApp 26-02-2019, 09.41.xcarchive/Products/Applications/Bankaero.app/Frameworks/libswiftFoundation.dylib'>'> to: /var/folders/mp/gx458m3x0c5__tsxrgcczs880000gn/T/XcodeDistPipeline.WqC/entitlementssoxGbi
2019-02-26 06:49:27 +0000  Running /usr/bin/codesign '-vvv' '--force' '--sign' 'E336233A59E4E68FE99976D5A98F82EA2B5DA64E' '--preserve-metadata=identifier,flags' '--entitlements' '/var/folders/mp/gx458m3x0c5__tsxrgcczs880000gn/T/XcodeDistPipeline.WqC/entitlementssoxGbi' '/var/folders/mp/gx458m3x0c5__tsxrgcczs880000gn/T/XcodeDistPipeline.WqC/Root/Payload/Bankaero.app/Frameworks/libswiftFoundation.dylib'
2019-02-26 06:49:27 +0000  /var/folders/mp/gx458m3x0c5__tsxrgcczs880000gn/T/XcodeDistPipeline.WqC/Root/Payload/Bankaero.app/Frameworks/libswiftFoundation.dylib: replacing existing signature
2019-02-26 06:49:27 +0000  /var/folders/mp/gx458m3x0c5__tsxrgcczs880000gn/T/XcodeDistPipeline.WqC/Root/Payload/Bankaero.app/Frameworks/libswiftFoundation.dylib: signed Mach-O universal (armv7 armv7s arm64) [com.apple.dt.runtime.swiftFoundation]
2019-02-26 06:49:27 +0000  /usr/bin/codesign exited with 0
2019-02-26 06:49:27 +0000  Applying entitlements delta for <IDEDistributionItem: 0x7fe7af070b80 'com.apple.dt.runtime.swiftObjectiveC' '<DVTFilePath:0x7fe7a94d1e90:'/Users/admin/Library/Developer/Xcode/Archives/2019-02-26/WebToApp 26-02-2019, 09.41.xcarchive/Products/Applications/Bankaero.app/Frameworks/libswiftObjectiveC.dylib'>'> from <IDEiCloudEntitlementsProcessor: 0x7fe7ae5c7b10>: {
}
2019-02-26 06:49:27 +0000  Entitlements for <IDEDistributionItem: 0x7fe7af070b80 'com.apple.dt.runtime.swiftObjectiveC' '<DVTFilePath:0x7fe7a94d1e90:'/Users/admin/Library/Developer/Xcode/Archives/2019-02-26/WebToApp 26-02-2019, 09.41.xcarchive/Products/Applications/Bankaero.app/Frameworks/libswiftObjectiveC.dylib'>'>: {
}
2019-02-26 06:49:27 +0000  Writing entitlements for <IDEDistributionItem: 0x7fe7af070b80 'com.apple.dt.runtime.swiftObjectiveC' '<DVTFilePath:0x7fe7a94d1e90:'/Users/admin/Library/Developer/Xcode/Archives/2019-02-26/WebToApp 26-02-2019, 09.41.xcarchive/Products/Applications/Bankaero.app/Frameworks/libswiftObjectiveC.dylib'>'> to: /var/folders/mp/gx458m3x0c5__tsxrgcczs880000gn/T/XcodeDistPipeline.WqC/entitlementsCSQ6dH
2019-02-26 06:49:27 +0000  Running /usr/bin/codesign '-vvv' '--force' '--sign' 'E336233A59E4E68FE99976D5A98F82EA2B5DA64E' '--preserve-metadata=identifier,flags' '--entitlements' '/var/folders/mp/gx458m3x0c5__tsxrgcczs880000gn/T/XcodeDistPipeline.WqC/entitlementsCSQ6dH' '/var/folders/mp/gx458m3x0c5__tsxrgcczs880000gn/T/XcodeDistPipeline.WqC/Root/Payload/Bankaero.app/Frameworks/libswiftObjectiveC.dylib'
2019-02-26 06:49:28 +0000  /var/folders/mp/gx458m3x0c5__tsxrgcczs880000gn/T/XcodeDistPipeline.WqC/Root/Payload/Bankaero.app/Frameworks/libswiftObjectiveC.dylib: replacing existing signature
2019-02-26 06:49:28 +0000  /var/folders/mp/gx458m3x0c5__tsxrgcczs880000gn/T/XcodeDistPipeline.WqC/Root/Payload/Bankaero.app/Frameworks/libswiftObjectiveC.dylib: signed Mach-O universal (armv7 armv7s arm64) [com.apple.dt.runtime.swiftObjectiveC]
2019-02-26 06:49:28 +0000  /usr/bin/codesign exited with 0
2019-02-26 06:49:28 +0000  Applying entitlements delta for <IDEDistributionItem: 0x7fe7af128ad0 'com.bankaero.mobiletest' '<DVTFilePath:0x7fe7ae675500:'/Users/admin/Library/Developer/Xcode/Archives/2019-02-26/WebToApp 26-02-2019, 09.41.xcarchive/Products/Applications/Bankaero.app'>'> from <IDEiCloudEntitlementsProcessor: 0x7fe7af0a7670>: {
}
2019-02-26 06:49:28 +0000  Entitlements for <IDEDistributionItem: 0x7fe7af128ad0 'com.bankaero.mobiletest' '<DVTFilePath:0x7fe7ae675500:'/Users/admin/Library/Developer/Xcode/Archives/2019-02-26/WebToApp 26-02-2019, 09.41.xcarchive/Products/Applications/Bankaero.app'>'>: {
    "application-identifier" = "HA5A9VDG82.com.bankaero.mobiletest";
    "com.apple.developer.team-identifier" = HA5A9VDG82;
    "get-task-allow" = 1;
    "keychain-access-groups" =     (
        "HA5A9VDG82.com.bankaero.mobiletest"
    );
}
2019-02-26 06:49:28 +0000  Writing entitlements for <IDEDistributionItem: 0x7fe7af128ad0 'com.bankaero.mobiletest' '<DVTFilePath:0x7fe7ae675500:'/Users/admin/Library/Developer/Xcode/Archives/2019-02-26/WebToApp 26-02-2019, 09.41.xcarchive/Products/Applications/Bankaero.app'>'> to: /var/folders/mp/gx458m3x0c5__tsxrgcczs880000gn/T/XcodeDistPipeline.WqC/entitlementsVqW8Qu
2019-02-26 06:49:28 +0000  Running /usr/bin/codesign '-vvv' '--force' '--sign' 'E336233A59E4E68FE99976D5A98F82EA2B5DA64E' '--preserve-metadata=identifier,flags' '--entitlements' '/var/folders/mp/gx458m3x0c5__tsxrgcczs880000gn/T/XcodeDistPipeline.WqC/entitlementsVqW8Qu' '/var/folders/mp/gx458m3x0c5__tsxrgcczs880000gn/T/XcodeDistPipeline.WqC/Root/Payload/Bankaero.app'
2019-02-26 06:49:28 +0000  /var/folders/mp/gx458m3x0c5__tsxrgcczs880000gn/T/XcodeDistPipeline.WqC/Root/Payload/Bankaero.app: replacing existing signature
2019-02-26 06:49:28 +0000  /var/folders/mp/gx458m3x0c5__tsxrgcczs880000gn/T/XcodeDistPipeline.WqC/Root/Payload/Bankaero.app: signed app bundle with Mach-O thin (arm64) [com.bankaero.mobiletest]
2019-02-26 06:49:28 +0000  /usr/bin/codesign exited with 0
2019-02-26 06:49:28 +0000  Processing step: IDEDistributionStreamingZipItemStep
2019-02-26 06:49:28 +0000  Skipping step: IDEDistributionStreamingZipItemStep because it said so
2019-02-26 06:49:28 +0000  Skipping step: IDEDistributionStreamingZipItemStep because it said so
2019-02-26 06:49:28 +0000  Skipping step: IDEDistributionStreamingZipItemStep because it said so
2019-02-26 06:49:28 +0000  Skipping step: IDEDistributionStreamingZipItemStep because it said so
2019-02-26 06:49:28 +0000  Skipping step: IDEDistributionStreamingZipItemStep because it said so
2019-02-26 06:49:28 +0000  Skipping step: IDEDistributionStreamingZipItemStep because it said so
2019-02-26 06:49:28 +0000  Skipping step: IDEDistributionStreamingZipItemStep because it said so
2019-02-26 06:49:28 +0000  Skipping step: IDEDistributionStreamingZipItemStep because it said so
2019-02-26 06:49:28 +0000  Processing step: IDEDistributionCreateIPAStep
2019-02-26 06:49:28 +0000  Running /usr/bin/ditto '-V' '-c' '-k' '--norsrc' '/var/folders/mp/gx458m3x0c5__tsxrgcczs880000gn/T/XcodeDistPipeline.WqC/Root' '/var/folders/mp/gx458m3x0c5__tsxrgcczs880000gn/T/XcodeDistPipeline.WqC/Packages/WebToApp.ipa'
2019-02-26 06:49:28 +0000  >>> Copying /var/folders/mp/gx458m3x0c5__tsxrgcczs880000gn/T/XcodeDistPipeline.WqC/Root 
2019-02-26 06:49:28 +0000  copying file ./Payload/Bankaero.app/_CodeSignature/CodeResources ... 
2019-02-26 06:49:28 +0000  43982 bytes for ./Payload/Bankaero.app/_CodeSignature/CodeResources
copying file ./Payload/Bankaero.app/AppIcon60x60@2x.png ... 
2019-02-26 06:49:28 +0000  6762 bytes for ./Payload/Bankaero.app/AppIcon60x60@2x.png
copying file ./Payload/Bankaero.app/AppIcon76x76@2x~ipad.png ... 
2019-02-26 06:49:28 +0000  9928 bytes for ./Payload/Bankaero.app/AppIcon76x76@2x~ipad.png
copying file ./Payload/Bankaero.app/archived-expanded-entitlements.xcent ... 
2019-02-26 06:49:28 +0000  296 bytes for ./Payload/Bankaero.app/archived-expanded-entitlements.xcent
copying file ./Payload/Bankaero.app/Assets.car ... 
2019-02-26 06:49:28 +0000  194120 bytes for ./Payload/Bankaero.app/Assets.car
copying file ./Payload/Bankaero.app/Bankaero ... 
2019-02-26 06:49:28 +0000  679152 bytes for ./Payload/Bankaero.app/Bankaero
2019-02-26 06:49:28 +0000  copying file ./Payload/Bankaero.app/Base.lproj/LaunchScreen.storyboardc/01J-lp-oVM-view-Ze5-6b-2t3.nib ... 
2019-02-26 06:49:28 +0000  4529 bytes for ./Payload/Bankaero.app/Base.lproj/LaunchScreen.storyboardc/01J-lp-oVM-view-Ze5-6b-2t3.nib
copying file ./Payload/Bankaero.app/Base.lproj/LaunchScreen.storyboardc/Info.plist ... 
2019-02-26 06:49:28 +0000  258 bytes for ./Payload/Bankaero.app/Base.lproj/LaunchScreen.storyboardc/Info.plist
copying file ./Payload/Bankaero.app/Base.lproj/LaunchScreen.storyboardc/UIViewController-01J-lp-oVM.nib ... 
832 bytes for ./Payload/Bankaero.app/Base.lproj/LaunchScreen.storyboardc/UIViewController-01J-lp-oVM.nib
2019-02-26 06:49:28 +0000  copying file ./Payload/Bankaero.app/Base.lproj/Main.storyboardc/Info.plist ... 
637 bytes for ./Payload/Bankaero.app/Base.lproj/Main.storyboardc/Info.plist
copying file ./Payload/Bankaero.app/Base.lproj/Main.storyboardc/INM-fZ-hP6-view-a52-cV-quz.nib ... 
2019-02-26 06:49:28 +0000  2117 bytes for ./Payload/Bankaero.app/Base.lproj/Main.storyboardc/INM-fZ-hP6-view-a52-cV-quz.nib
copying file ./Payload/Bankaero.app/Base.lproj/Main.storyboardc/kYU-9k-bkS-view-6ps-DS-xVo.nib ... 
2019-02-26 06:49:28 +0000  2928 bytes for ./Payload/Bankaero.app/Base.lproj/Main.storyboardc/kYU-9k-bkS-view-6ps-DS-xVo.nib
copying file ./Payload/Bankaero.app/Base.lproj/Main.storyboardc/LoadingViewController.nib ... 
2019-02-26 06:49:28 +0000  888 bytes for ./Payload/Bankaero.app/Base.lproj/Main.storyboardc/LoadingViewController.nib
copying file ./Payload/Bankaero.app/Base.lproj/Main.storyboardc/MoreViewController.nib ... 
838 bytes for ./Payload/Bankaero.app/Base.lproj/Main.storyboardc/MoreViewController.nib
2019-02-26 06:49:28 +0000  copying file ./Payload/Bankaero.app/Base.lproj/Main.storyboardc/RearTableViewController.nib ... 
2019-02-26 06:49:28 +0000  3796 bytes for ./Payload/Bankaero.app/Base.lproj/Main.storyboardc/RearTableViewController.nib
copying file ./Payload/Bankaero.app/Base.lproj/Main.storyboardc/SWRevealViewController.nib ... 
2019-02-26 06:49:28 +0000  1427 bytes for ./Payload/Bankaero.app/Base.lproj/Main.storyboardc/SWRevealViewController.nib
copying file ./Payload/Bankaero.app/Base.lproj/Main.storyboardc/TabNavigationController.nib ... 
2019-02-26 06:49:28 +0000  2717 bytes for ./Payload/Bankaero.app/Base.lproj/Main.storyboardc/TabNavigationController.nib
copying file ./Payload/Bankaero.app/Base.lproj/Main.storyboardc/UINavigationController-ZIT-MM-YAm.nib ... 
2019-02-26 06:49:28 +0000  4415 bytes for ./Payload/Bankaero.app/Base.lproj/Main.storyboardc/UINavigationController-ZIT-MM-YAm.nib
copying file ./Payload/Bankaero.app/Base.lproj/Main.storyboardc/UITabBarController-8Is-s9-XtQ.nib ... 
2019-02-26 06:49:28 +0000  3259 bytes for ./Payload/Bankaero.app/Base.lproj/Main.storyboardc/UITabBarController-8Is-s9-XtQ.nib
copying file ./Payload/Bankaero.app/Base.lproj/Main.storyboardc/WCQ-IG-SHM-view-exD-Y3-gkb.nib ... 
2019-02-26 06:49:28 +0000  5263 bytes for ./Payload/Bankaero.app/Base.lproj/Main.storyboardc/WCQ-IG-SHM-view-exD-Y3-gkb.nib
copying file ./Payload/Bankaero.app/Base.lproj/Main.storyboardc/WebViewController.nib ... 
2019-02-26 06:49:28 +0000  1666 bytes for ./Payload/Bankaero.app/Base.lproj/Main.storyboardc/WebViewController.nib
2019-02-26 06:49:28 +0000  copying file ./Payload/Bankaero.app/btn_post.png ... 
2019-02-26 06:49:28 +0000  2857 bytes for ./Payload/Bankaero.app/btn_post.png
copying file ./Payload/Bankaero.app/btn_post@2x.png ... 
2019-02-26 06:49:28 +0000  3290 bytes for ./Payload/Bankaero.app/btn_post@2x.png
copying file ./Payload/Bankaero.app/Calendar-32@2x.png ... 
2019-02-26 06:49:28 +0000  766 bytes for ./Payload/Bankaero.app/Calendar-32@2x.png
copying file ./Payload/Bankaero.app/circle.png ... 
191 bytes for ./Payload/Bankaero.app/circle.png
copying file ./Payload/Bankaero.app/circle@2x.png ... 
2019-02-26 06:49:28 +0000  356 bytes for ./Payload/Bankaero.app/circle@2x.png
copying file ./Payload/Bankaero.app/circle@3x.png ... 
2019-02-26 06:49:28 +0000  609 bytes for ./Payload/Bankaero.app/circle@3x.png
copying file ./Payload/Bankaero.app/Clock-32@2x.png ... 
2019-02-26 06:49:28 +0000  612 bytes for ./Payload/Bankaero.app/Clock-32@2x.png
copying file ./Payload/Bankaero.app/Comments-32@2x.png ... 
340 bytes for ./Payload/Bankaero.app/Comments-32@2x.png
copying file ./Payload/Bankaero.app/default_placeholder.png ... 
2019-02-26 06:49:28 +0000  6459 bytes for ./Payload/Bankaero.app/default_placeholder.png
copying file ./Payload/Bankaero.app/Domain-32@2x.png ... 
2019-02-26 06:49:28 +0000  813 bytes for ./Payload/Bankaero.app/Domain-32@2x.png
copying file ./Payload/Bankaero.app/embedded.mobileprovision ... 
2019-02-26 06:49:28 +0000  7677 bytes for ./Payload/Bankaero.app/embedded.mobileprovision
2019-02-26 06:49:28 +0000  copying file ./Payload/Bankaero.app/en.lproj/InfoPlist.strings ... 
42 bytes for ./Payload/Bankaero.app/en.lproj/InfoPlist.strings
copying file ./Payload/Bankaero.app/Facebook-32@2x.png ... 
2019-02-26 06:49:28 +0000  506 bytes for ./Payload/Bankaero.app/Facebook-32@2x.png
copying file ./Payload/Bankaero.app/Frameworks/libswiftCore.dylib ... 
2019-02-26 06:49:30 +0000  21079952 bytes for ./Payload/Bankaero.app/Frameworks/libswiftCore.dylib
copying file ./Payload/Bankaero.app/Frameworks/libswiftCoreFoundation.dylib ... 
2019-02-26 06:49:30 +0000  208656 bytes for ./Payload/Bankaero.app/Frameworks/libswiftCoreFoundation.dylib
2019-02-26 06:49:30 +0000  copying file ./Payload/Bankaero.app/Frameworks/libswiftCoreGraphics.dylib ... 
2019-02-26 06:49:30 +0000  578112 bytes for ./Payload/Bankaero.app/Frameworks/libswiftCoreGraphics.dylib
copying file ./Payload/Bankaero.app/Frameworks/libswiftDarwin.dylib ... 
2019-02-26 06:49:30 +0000  303424 bytes for ./Payload/Bankaero.app/Frameworks/libswiftDarwin.dylib
copying file ./Payload/Bankaero.app/Frameworks/libswiftDispatch.dylib ... 
2019-02-26 06:49:30 +0000  1009600 bytes for ./Payload/Bankaero.app/Frameworks/libswiftDispatch.dylib
copying file ./Payload/Bankaero.app/Frameworks/libswiftFoundation.dylib ... 
2019-02-26 06:49:30 +0000  8413648 bytes for ./Payload/Bankaero.app/Frameworks/libswiftFoundation.dylib
copying file ./Payload/Bankaero.app/Frameworks/libswiftObjectiveC.dylib ... 
2019-02-26 06:49:30 +0000  259296 bytes for ./Payload/Bankaero.app/Frameworks/libswiftObjectiveC.dylib
copying file ./Payload/Bankaero.app/go_back.png ... 
2019-02-26 06:49:30 +0000  212 bytes for ./Payload/Bankaero.app/go_back.png
copying file ./Payload/Bankaero.app/go_back@2x.png ... 
263 bytes for ./Payload/Bankaero.app/go_back@2x.png
copying file ./Payload/Bankaero.app/go_forward.png ... 
2019-02-26 06:49:30 +0000  209 bytes for ./Payload/Bankaero.app/go_forward.png
copying file ./Payload/Bankaero.app/go_forward@2x.png ... 
258 bytes for ./Payload/Bankaero.app/go_forward@2x.png
copying file ./Payload/Bankaero.app/Graduation-Cap-32@2x.png ... 
2019-02-26 06:49:30 +0000  457 bytes for ./Payload/Bankaero.app/Graduation-Cap-32@2x.png
copying file ./Payload/Bankaero.app/Info.plist ... 
2019-02-26 06:49:30 +0000  1708 bytes for ./Payload/Bankaero.app/Info.plist
copying file ./Payload/Bankaero.app/Instagram-32@2x.png ... 
766 bytes for ./Payload/Bankaero.app/Instagram-32@2x.png
2019-02-26 06:49:30 +0000  copying file ./Payload/Bankaero.app/iRate.bundle/ar.lproj/Localizable.strings ... 
650 bytes for ./Payload/Bankaero.app/iRate.bundle/ar.lproj/Localizable.strings
2019-02-26 06:49:30 +0000  copying file ./Payload/Bankaero.app/iRate.bundle/bn.lproj/Localizable.strings ... 
2019-02-26 06:49:30 +0000  986 bytes for ./Payload/Bankaero.app/iRate.bundle/bn.lproj/Localizable.strings
copying file ./Payload/Bankaero.app/iRate.bundle/bs.lproj/Localizable.strings ... 
2019-02-26 06:49:30 +0000  464 bytes for ./Payload/Bankaero.app/iRate.bundle/bs.lproj/Localizable.strings
copying file ./Payload/Bankaero.app/iRate.bundle/ca.lproj/Localizable.strings ... 
2019-02-26 06:49:30 +0000  872 bytes for ./Payload/Bankaero.app/iRate.bundle/ca.lproj/Localizable.strings
copying file ./Payload/Bankaero.app/iRate.bundle/cs.lproj/Localizable.strings ... 
2019-02-26 06:49:30 +0000  476 bytes for ./Payload/Bankaero.app/iRate.bundle/cs.lproj/Localizable.strings
copying file ./Payload/Bankaero.app/iRate.bundle/da.lproj/Localizable.strings ... 
2019-02-26 06:49:30 +0000  485 bytes for ./Payload/Bankaero.app/iRate.bundle/da.lproj/Localizable.strings
copying file ./Payload/Bankaero.app/iRate.bundle/de-AT.lproj/Localizable.strings ... 
2019-02-26 06:49:30 +0000  464 bytes for ./Payload/Bankaero.app/iRate.bundle/de-AT.lproj/Localizable.strings
copying file ./Payload/Bankaero.app/iRate.bundle/de.lproj/Localizable.strings ... 
2019-02-26 06:49:30 +0000  906 bytes for ./Payload/Bankaero.app/iRate.bundle/de.lproj/Localizable.strings
2019-02-26 06:49:30 +0000  copying file ./Payload/Bankaero.app/iRate.bundle/el.lproj/Localizable.strings ... 
940 bytes for ./Payload/Bankaero.app/iRate.bundle/el.lproj/Localizable.strings
2019-02-26 06:49:30 +0000  copying file ./Payload/Bankaero.app/iRate.bundle/en.lproj/Localizable.strings ... 
888 bytes for ./Payload/Bankaero.app/iRate.bundle/en.lproj/Localizable.strings
2019-02-26 06:49:30 +0000  copying file ./Payload/Bankaero.app/iRate.bundle/es.lproj/Localizable.strings ... 
848 bytes for ./Payload/Bankaero.app/iRate.bundle/es.lproj/Localizable.strings
2019-02-26 06:49:30 +0000  copying file ./Payload/Bankaero.app/iRate.bundle/fa.lproj/Localizable.strings ... 
2019-02-26 06:49:30 +0000  777 bytes for ./Payload/Bankaero.app/iRate.bundle/fa.lproj/Localizable.strings
copying file ./Payload/Bankaero.app/iRate.bundle/fi.lproj/Localizable.strings ... 
2019-02-26 06:49:30 +0000  810 bytes for ./Payload/Bankaero.app/iRate.bundle/fi.lproj/Localizable.strings
copying file ./Payload/Bankaero.app/iRate.bundle/fr.lproj/Localizable.strings ... 
2019-02-26 06:49:30 +0000  501 bytes for ./Payload/Bankaero.app/iRate.bundle/fr.lproj/Localizable.strings
copying file ./Payload/Bankaero.app/iRate.bundle/he.lproj/Localizable.strings ... 
2019-02-26 06:49:30 +0000  802 bytes for ./Payload/Bankaero.app/iRate.bundle/he.lproj/Localizable.strings
copying file ./Payload/Bankaero.app/iRate.bundle/hi.lproj/Localizable.strings ... 
2019-02-26 06:49:30 +0000  852 bytes for ./Payload/Bankaero.app/iRate.bundle/hi.lproj/Localizable.strings
copying file ./Payload/Bankaero.app/iRate.bundle/hr.lproj/Localizable.strings ... 
2019-02-26 06:49:30 +0000  464 bytes for ./Payload/Bankaero.app/iRate.bundle/hr.lproj/Localizable.strings
2019-02-26 06:49:30 +0000  copying file ./Payload/Bankaero.app/iRate.bundle/hu.lproj/Localizable.strings ... 
924 bytes for ./Payload/Bankaero.app/iRate.bundle/hu.lproj/Localizable.strings
2019-02-26 06:49:30 +0000  copying file ./Payload/Bankaero.app/iRate.bundle/id.lproj/Localizable.strings ... 
902 bytes for ./Payload/Bankaero.app/iRate.bundle/id.lproj/Localizable.strings
2019-02-26 06:49:30 +0000  copying file ./Payload/Bankaero.app/iRate.bundle/it.lproj/Localizable.strings ... 
812 bytes for ./Payload/Bankaero.app/iRate.bundle/it.lproj/Localizable.strings
2019-02-26 06:49:30 +0000  copying file ./Payload/Bankaero.app/iRate.bundle/ja.lproj/Localizable.strings ... 
628 bytes for ./Payload/Bankaero.app/iRate.bundle/ja.lproj/Localizable.strings
2019-02-26 06:49:30 +0000  copying file ./Payload/Bankaero.app/iRate.bundle/ko.lproj/Localizable.strings ... 
664 bytes for ./Payload/Bankaero.app/iRate.bundle/ko.lproj/Localizable.strings
2019-02-26 06:49:30 +0000  copying file ./Payload/Bankaero.app/iRate.bundle/mk.lproj/Localizable.strings ... 
2019-02-26 06:49:30 +0000  940 bytes for ./Payload/Bankaero.app/iRate.bundle/mk.lproj/Localizable.strings
copying file ./Payload/Bankaero.app/iRate.bundle/nl.lproj/Localizable.strings ... 
2019-02-26 06:49:30 +0000  475 bytes for ./Payload/Bankaero.app/iRate.bundle/nl.lproj/Localizable.strings
copying file ./Payload/Bankaero.app/iRate.bundle/no.lproj/Localizable.strings ... 
2019-02-26 06:49:30 +0000  856 bytes for ./Payload/Bankaero.app/iRate.bundle/no.lproj/Localizable.strings
copying file ./Payload/Bankaero.app/iRate.bundle/pa.lproj/Localizable.strings ... 
2019-02-26 06:49:30 +0000  1030 bytes for ./Payload/Bankaero.app/iRate.bundle/pa.lproj/Localizable.strings
copying file ./Payload/Bankaero.app/iRate.bundle/pl.lproj/Localizable.strings ... 
2019-02-26 06:49:30 +0000  862 bytes for ./Payload/Bankaero.app/iRate.bundle/pl.lproj/Localizable.strings
2019-02-26 06:49:30 +0000  copying file ./Payload/Bankaero.app/iRate.bundle/pt.lproj/Localizable.strings ... 
884 bytes for ./Payload/Bankaero.app/iRate.bundle/pt.lproj/Localizable.strings
2019-02-26 06:49:30 +0000  copying file ./Payload/Bankaero.app/iRate.bundle/ru.lproj/Localizable.strings ... 
2019-02-26 06:49:30 +0000  938 bytes for ./Payload/Bankaero.app/iRate.bundle/ru.lproj/Localizable.strings
copying file ./Payload/Bankaero.app/iRate.bundle/sk.lproj/Localizable.strings ... 
2019-02-26 06:49:30 +0000  493 bytes for ./Payload/Bankaero.app/iRate.bundle/sk.lproj/Localizable.strings
copying file ./Payload/Bankaero.app/iRate.bundle/sl.lproj/Localizable.strings ... 
2019-02-26 06:49:30 +0000  888 bytes for ./Payload/Bankaero.app/iRate.bundle/sl.lproj/Localizable.strings
copying file ./Payload/Bankaero.app/iRate.bundle/sv.lproj/Localizable.strings ... 
2019-02-26 06:49:30 +0000  423 bytes for ./Payload/Bankaero.app/iRate.bundle/sv.lproj/Localizable.strings
copying file ./Payload/Bankaero.app/iRate.bundle/th.lproj/Localizable.strings ... 
2019-02-26 06:49:30 +0000  896 bytes for ./Payload/Bankaero.app/iRate.bundle/th.lproj/Localizable.strings
2019-02-26 06:49:30 +0000  copying file ./Payload/Bankaero.app/iRate.bundle/tr.lproj/Localizable.strings ... 
928 bytes for ./Payload/Bankaero.app/iRate.bundle/tr.lproj/Localizable.strings
2019-02-26 06:49:30 +0000  copying file ./Payload/Bankaero.app/iRate.bundle/uk.lproj/Localizable.strings ... 
960 bytes for ./Payload/Bankaero.app/iRate.bundle/uk.lproj/Localizable.strings
2019-02-26 06:49:30 +0000  copying file ./Payload/Bankaero.app/iRate.bundle/ur-IN.lproj/Localizable.strings ... 
2019-02-26 06:49:30 +0000  842 bytes for ./Payload/Bankaero.app/iRate.bundle/ur-IN.lproj/Localizable.strings
copying file ./Payload/Bankaero.app/iRate.bundle/ur-PK.lproj/Localizable.strings ... 
2019-02-26 06:49:30 +0000  842 bytes for ./Payload/Bankaero.app/iRate.bundle/ur-PK.lproj/Localizable.strings
copying file ./Payload/Bankaero.app/iRate.bundle/ur.lproj/Localizable.strings ... 
2019-02-26 06:49:30 +0000  842 bytes for ./Payload/Bankaero.app/iRate.bundle/ur.lproj/Localizable.strings
2019-02-26 06:49:30 +0000  copying file ./Payload/Bankaero.app/iRate.bundle/vi.lproj/Localizable.strings ... 
553 bytes for ./Payload/Bankaero.app/iRate.bundle/vi.lproj/Localizable.strings
2019-02-26 06:49:30 +0000  copying file ./Payload/Bankaero.app/iRate.bundle/zh-Hans.lproj/Localizable.strings ... 
520 bytes for ./Payload/Bankaero.app/iRate.bundle/zh-Hans.lproj/Localizable.strings
2019-02-26 06:49:30 +0000  copying file ./Payload/Bankaero.app/iRate.bundle/zh-Hant.lproj/Localizable.strings ... 
510 bytes for ./Payload/Bankaero.app/iRate.bundle/zh-Hant.lproj/Localizable.strings
2019-02-26 06:49:30 +0000  copying file ./Payload/Bankaero.app/iRate.bundle/zh-TW.lproj/Localizable.strings ... 
510 bytes for ./Payload/Bankaero.app/iRate.bundle/zh-TW.lproj/Localizable.strings
2019-02-26 06:49:30 +0000  copying file ./Payload/Bankaero.app/Key-32@2x.png ... 
2019-02-26 06:49:30 +0000  1141 bytes for ./Payload/Bankaero.app/Key-32@2x.png
copying file ./Payload/Bankaero.app/Local/config.json ... 
2019-02-26 06:49:30 +0000  161 bytes for ./Payload/Bankaero.app/Local/config.json
copying file ./Payload/Bankaero.app/Localizable.strings ... 
2019-02-26 06:49:30 +0000  1627 bytes for ./Payload/Bankaero.app/Localizable.strings
copying file ./Payload/Bankaero.app/Location-32@2x.png ... 
2019-02-26 06:49:30 +0000  571 bytes for ./Payload/Bankaero.app/Location-32@2x.png
copying file ./Payload/Bankaero.app/logo.png ... 
2019-02-26 06:49:30 +0000  13792 bytes for ./Payload/Bankaero.app/logo.png
copying file ./Payload/Bankaero.app/logo_white.png ... 
2019-02-26 06:49:30 +0000  16982 bytes for ./Payload/Bankaero.app/logo_white.png
copying file ./Payload/Bankaero.app/Medal-32@2x.png ... 
2019-02-26 06:49:30 +0000  580 bytes for ./Payload/Bankaero.app/Medal-32@2x.png
2019-02-26 06:49:30 +0000  copying file ./Payload/Bankaero.app/more@2x.png ... 
2019-02-26 06:49:30 +0000  571 bytes for ./Payload/Bankaero.app/more@2x.png
copying file ./Payload/Bankaero.app/News-32@2x.png ... 
485 bytes for ./Payload/Bankaero.app/News-32@2x.png
2019-02-26 06:49:30 +0000  copying file ./Payload/Bankaero.app/NoConnectionView.nib ... 
2019-02-26 06:49:30 +0000  4611 bytes for ./Payload/Bankaero.app/NoConnectionView.nib
copying file ./Payload/Bankaero.app/Online-32@2x.png ... 
2019-02-26 06:49:30 +0000  512 bytes for ./Payload/Bankaero.app/Online-32@2x.png
copying file ./Payload/Bankaero.app/Paint-Bucket-32@2x.png ... 
2019-02-26 06:49:30 +0000  1534 bytes for ./Payload/Bankaero.app/Paint-Bucket-32@2x.png
copying file ./Payload/Bankaero.app/PkgInfo ... 
2019-02-26 06:49:30 +0000  8 bytes for ./Payload/Bankaero.app/PkgInfo
copying file ./Payload/Bankaero.app/reveal-icon.png ... 
186 bytes for ./Payload/Bankaero.app/reveal-icon.png
copying file ./Payload/Bankaero.app/reveal-icon@2x.png ... 
2019-02-26 06:49:30 +0000  174 bytes for ./Payload/Bankaero.app/reveal-icon@2x.png
copying file ./Payload/Bankaero.app/sad_cloud.png ... 
2019-02-26 06:49:30 +0000  35781 bytes for ./Payload/Bankaero.app/sad_cloud.png
copying file ./Payload/Bankaero.app/sad_cloud@2x.png ... 
2019-02-26 06:49:30 +0000  103264 bytes for ./Payload/Bankaero.app/sad_cloud@2x.png
copying file ./Payload/Bankaero.app/sad_cloud@2x~ipad.png ... 
2019-02-26 06:49:30 +0000  113912 bytes for ./Payload/Bankaero.app/sad_cloud@2x~ipad.png
copying file ./Payload/Bankaero.app/sad_cloud~ipad.png ... 
2019-02-26 06:49:30 +0000  57636 bytes for ./Payload/Bankaero.app/sad_cloud~ipad.png
copying file ./Payload/Bankaero.app/Shopping-Bag-32@2x.png ... 
2019-02-26 06:49:30 +0000  467 bytes for ./Payload/Bankaero.app/Shopping-Bag-32@2x.png
copying file ./Payload/Bankaero.app/SoundCloud-32@2x.png ... 
730 bytes for ./Payload/Bankaero.app/SoundCloud-32@2x.png
2019-02-26 06:49:30 +0000  copying file ./Payload/Bankaero.app/square.png ... 
150 bytes for ./Payload/Bankaero.app/square.png
copying file ./Payload/Bankaero.app/square@2x.png ... 
2019-02-26 06:49:30 +0000  213 bytes for ./Payload/Bankaero.app/square@2x.png
copying file ./Payload/Bankaero.app/square@3x.png ... 
334 bytes for ./Payload/Bankaero.app/square@3x.png
copying file ./Payload/Bankaero.app/Stack-Photos-32@2x.png ... 
2019-02-26 06:49:30 +0000  3209 bytes for ./Payload/Bankaero.app/Stack-Photos-32@2x.png
copying file ./Payload/Bankaero.app/TV-Show-32@2x.png ... 
2019-02-26 06:49:30 +0000  266 bytes for ./Payload/Bankaero.app/TV-Show-32@2x.png
copying file ./Payload/Bankaero.app/Twitter-32@2x.png ... 
708 bytes for ./Payload/Bankaero.app/Twitter-32@2x.png
2019-02-26 06:49:30 +0000  copying file ./Payload/Bankaero.app/wf.png ... 
4551 bytes for ./Payload/Bankaero.app/wf.png
copying file ./Payload/Bankaero.app/WordPress-32@2x.png ... 
2019-02-26 06:49:30 +0000  2132 bytes for ./Payload/Bankaero.app/WordPress-32@2x.png
2019-02-26 06:49:30 +0000  /usr/bin/ditto exited with 0
2019-02-26 06:49:30 +0000  Processing step: IDEDistributionCreateManifestStep
